Der Buildvorgang wurde am 14.10.2014 11:21:03 gestartet.
     1>Projekt "C:\Users\sikreuze\Documents\Projekte\Self-Education\r-dailyprogramming\184-Easy\184-Easy-SortedStack\184-Easy-SortedStack.vcxproj" auf Knoten "2", build Ziel(e).
     1>InitializeBuildStatus:
         "Debug\184-Easy-SortedStack.unsuccessfulbuild" wird erstellt, da "AlwaysCreate" angegeben wurde.
       ClCompile:
         Alle Ausgaben sind aktuell.
         c:\Program Files (x86)\Microsoft Visual Studio 10.0\VC\bin\CL.exe /c /ZI /nologo /W3 /WX- /Od /Oy- /D WIN32 /D _DEBUG /D _CONSOLE /D _UNICODE /D UNICODE /Gm /EHsc /RTC1 /MDd /GS /fp:precise /Zc:wchar_t /Zc:forScope /Yu"StdAfx.h" /Fp"Debug\184-Easy-SortedStack.pch" /Fo"Debug\\" /Fd"Debug\vc100.pdb" /Gd /TP /analyze- /errorReport:prompt SortedStack.cpp
         SortedStack.cpp
       ManifestResourceCompile:
         Alle Ausgaben sind aktuell.
       Link:
         c:\Program Files (x86)\Microsoft Visual Studio 10.0\VC\bin\link.exe /ERRORREPORT:PROMPT /OUT:"C:\Users\sikreuze\Documents\Projekte\Self-Education\r-dailyprogramming\184-Easy\184-Easy-SortedStack\Debug\184-Easy-SortedStack.exe" /INCREMENTAL /NOLOGO kernel32.lib user32.lib gdi32.lib winspool.lib comdlg32.lib advapi32.lib shell32.lib ole32.lib oleaut32.lib uuid.lib odbc32.lib odbccp32.lib /MANIFEST /ManifestFile:"Debug\184-Easy-SortedStack.exe.intermediate.manifest" /MANIFESTUAC:"level='asInvoker' uiAccess='false'" /DEBUG /PDB:"C:\Users\sikreuze\Documents\Projekte\Self-Education\r-dailyprogramming\184-Easy\184-Easy-SortedStack\Debug\184-Easy-SortedStack.pdb" /SUBSYSTEM:CONSOLE /TLBID:1 /DYNAMICBASE /NXCOMPAT /IMPLIB:"C:\Users\sikreuze\Documents\Projekte\Self-Education\r-dailyprogramming\184-Easy\184-Easy-SortedStack\Debug\184-Easy-SortedStack.lib" /MACHINE:X86 "Debug\184-Easy-SortedStack.exe.embed.manifest.res"
         "Debug\184-Easy-SortedStack.obj"
         Debug\SortedStack.obj
         Debug\stdafx.obj
       Manifest:
         c:\Program Files (x86)\Microsoft SDKs\Windows\v7.0A\bin\mt.exe /nologo /verbose /out:"Debug\184-Easy-SortedStack.exe.embed.manifest" /manifest "Debug\184-Easy-SortedStack.exe.intermediate.manifest"
         Alle Ausgaben sind aktuell.
       LinkEmbedManifest:
         Alle Ausgaben sind aktuell.
         184-Easy-SortedStack.vcxproj -> C:\Users\sikreuze\Documents\Projekte\Self-Education\r-dailyprogramming\184-Easy\184-Easy-SortedStack\Debug\184-Easy-SortedStack.exe
       FinalizeBuildStatus:
         Die Datei "Debug\184-Easy-SortedStack.unsuccessfulbuild" wird gelöscht.
         Aktualisieren des Timestamps von "Debug\184-Easy-SortedStack.lastbuildstate".
     1>Die Erstellung des Projekts "C:\Users\sikreuze\Documents\Projekte\Self-Education\r-dailyprogramming\184-Easy\184-Easy-SortedStack\184-Easy-SortedStack.vcxproj" ist abgeschlossen, build Ziel(e).

Das Erstellen war erfolgreich.

Verstrichene Zeit 00:00:00.40
